<?xml version="1.0" encoding="UTF-8"?>
<testsuite xmlns:xsi="http://www.w3.org/2001/XMLSchema-instance" xsi:noNamespaceSchemaLocation="https://maven.apache.org/surefire/maven-surefire-plugin/xsd/surefire-test-report.xsd" version="3.0.2" name="TestSuite" time="104.874" tests="6" errors="0" skipped="0" failures="0">
  <properties>
[...]
</properties>
  <testcase name="launchDriver" classname="com.tui.qa.test.DriverTest" time="5.733">
    <system-out><![CDATA[21:56:15 INFO  FrameworkConstants - Loading framework configuration.
21:56:15 INFO  ConfigReader - Configuration loaded successfully.
21:56:15 INFO  DriverInitializer - Starting Android Driver initialization for device: AndroidDevice
21:56:15 INFO  DriverInitializer - Detected Appium endpoint at root path: http://127.0.0.1:4723
21:56:20 INFO  DriverManager - Driver stored in ThreadLocal.
21:56:20 INFO  DriverInitializer - Android Driver initialized successfully | Platform: Android | Device: AndroidDevice | UDID: 
]]></system-out>
    <system-err><![CDATA[SLF4J: No SLF4J providers were found.
SLF4J: Defaulting to no-operation (NOP) logger implementation
SLF4J: See https://www.slf4j.org/codes.html#noProviders for further details.
]]></system-err>
  </testcase>
  <testcase name="runScenario[&quot;Login with valid user details&quot;, &quot;Login&quot;](1)" classname="com.tui.qa.runner.TestRunner" time="14.632">
    <system-out><![CDATA[21:56:20 INFO  DriverManager - Closing Android Driver.
21:56:20 INFO  DriverManager - Driver removed from ThreadLocal.

@login @Smoke @Login
Scenario: Login with valid user details            # src/test/resources/features/login.feature:9
21:56:21 INFO  Hooks - Starting Scenario: Login with valid user details
21:56:21 INFO  DriverInitializer - Starting Android Driver initialization for device: AndroidDevice
21:56:21 INFO  DriverInitializer - Detected Appium endpoint at root path: http://127.0.0.1:4723
21:56:24 INFO  DriverManager - Driver stored in ThreadLocal.
21:56:24 INFO  DriverInitializer - Android Driver initialized successfully | Platform: Android | Device: AndroidDevice | UDID: 
  Given the user launches the application          # com.tui.qa.stepdefinitions.LoginSteps.theUserLaunchesTheApplication()
21:56:26 INFO  BasePage - Entering text into element: By.xpath: //*[@resource-id='username_input_field' or @resource-id='com.tui.qa.challenge:id/username_input_field']
  When the user enters a valid username            # com.tui.qa.stepdefinitions.LoginSteps.theUserEntersAValidUsername()
21:56:26 INFO  BasePage - Entering text into element: By.xpath: //*[@resource-id='password_input_field' or @resource-id='com.tui.qa.challenge:id/password_input_field']
  And the user enters a valid password             # com.tui.qa.stepdefinitions.LoginSteps.theUserEntersAValidPassword()
21:56:27 INFO  BasePage - Clicking on element: By.xpath: //*[@resource-id='date_of_birth_field' or @resource-id='com.tui.qa.challenge:id/date_of_birth_field']
21:56:27 INFO  BasePage - Clicking on element: By.xpath: //*[@resource-id='date_of_birth_field_calendar_icon' or @resource-id='com.tui.qa.challenge:id/date_of_birth_field_calendar_icon']
21:56:29 INFO  BasePage - Clicking on element: AppiumBy.accessibilityId: Change to next month
21:56:30 INFO  BasePage - Clicking on element: AppiumBy.accessibilityId: Change to next month
21:56:31 INFO  BasePage - Clicking on element: AppiumBy.accessibilityId: Change to next month
21:56:33 INFO  BasePage - Clicking on element: By.xpath: //*[@resource-id='date_of_birth_dialog_confirm_button' or @resource-id='com.tui.qa.challenge:id/date_of_birth_dialog_confirm_button']
  And the user enters a valid date of birth        # com.tui.qa.stepdefinitions.LoginSteps.theUserEntersAValidDateOfBirth()
21:56:34 INFO  BasePage - Clicking on element: By.xpath: //*[@resource-id='login_form_submit_button' or @resource-id='com.tui.qa.challenge:id/login_form_submit_button']
  And the user taps the Login button               # com.tui.qa.stepdefinitions.LoginSteps.theUserTapsTheLoginButton()
  Then the search results page should be displayed # com.tui.qa.stepdefinitions.LoginSteps.theSearchResultsPageShouldBeDisplayed()
21:56:35 INFO  Hooks - Scenario Passed: Login with valid user details
21:56:35 INFO  DriverManager - Closing Android Driver.
21:56:35 INFO  DriverManager - Driver removed from ThreadLocal.
21:56:35 INFO  Hooks - Driver closed successfully.
]]></system-out>
  </testcase>
  <testcase name="runScenario[&quot;Verify Hotels tab&quot;, &quot;Search Results&quot;](2)" classname="com.tui.qa.runner.TestRunner" time="14.41">
    <system-out><![CDATA[
@search @Regression @Hotels
Scenario: Verify Hotels tab                     # src/test/resources/features/search.feature:8
21:56:35 INFO  Hooks - Starting Scenario: Verify Hotels tab
21:56:35 INFO  DriverInitializer - Starting Android Driver initialization for device: AndroidDevice
21:56:35 INFO  DriverInitializer - Detected Appium endpoint at root path: http://127.0.0.1:4723
21:56:39 INFO  DriverManager - Driver stored in ThreadLocal.
21:56:39 INFO  DriverInitializer - Android Driver initialized successfully | Platform: Android | Device: AndroidDevice | UDID: 
21:56:39 INFO  BasePage - Entering text into element: By.xpath: //*[@resource-id='username_input_field' or @resource-id='com.tui.qa.challenge:id/username_input_field']
21:56:41 INFO  BasePage - Entering text into element: By.xpath: //*[@resource-id='password_input_field' or @resource-id='com.tui.qa.challenge:id/password_input_field']
21:56:41 INFO  BasePage - Clicking on element: By.xpath: //*[@resource-id='date_of_birth_field' or @resource-id='com.tui.qa.challenge:id/date_of_birth_field']
21:56:42 INFO  BasePage - Clicking on element: By.xpath: //*[@resource-id='date_of_birth_field_calendar_icon' or @resource-id='com.tui.qa.challenge:id/date_of_birth_field_calendar_icon']
21:56:44 INFO  BasePage - Clicking on element: AppiumBy.accessibilityId: Change to next month
21:56:44 INFO  BasePage - Clicking on element: AppiumBy.accessibilityId: Change to next month
21:56:45 INFO  BasePage - Clicking on element: AppiumBy.accessibilityId: Change to next month
21:56:46 INFO  BasePage - Clicking on element: By.xpath: //*[@resource-id='date_of_birth_dialog_confirm_button' or @resource-id='com.tui.qa.challenge:id/date_of_birth_dialog_confirm_button']
21:56:47 INFO  BasePage - Clicking on element: By.xpath: //*[@resource-id='login_form_submit_button' or @resource-id='com.tui.qa.challenge:id/login_form_submit_button']
  Given the user is logged into the application # com.tui.qa.stepdefinitions.LoginSteps.theUserIsLoggedIntoTheApplication()
21:56:48 INFO  BasePage - Clicking on element: By.xpath: //*[@resource-id='top_app_bar_hotels_tab' or @resource-id='com.tui.qa.challenge:id/top_app_bar_hotels_tab']
  When the user taps on the Hotels tab          # com.tui.qa.stepdefinitions.SearchResultsSteps.theUserTapsOnTheHotelsTab()
  Then hotel results should be displayed        # com.tui.qa.stepdefinitions.SearchResultsSteps.hotelResultsShouldBeDisplayed()
21:56:49 INFO  Hooks - Scenario Passed: Verify Hotels tab
21:56:49 INFO  DriverManager - Closing Android Driver.
21:56:50 INFO  DriverManager - Driver removed from ThreadLocal.
21:56:50 INFO  Hooks - Driver closed successfully.
]]></system-out>
  </testcase>
  <testcase name="runScenario[&quot;Verify Holidays tab&quot;, &quot;Search Results&quot;](3)" classname="com.tui.qa.runner.TestRunner" time="26.122">
    <system-out><![CDATA[
@search @Regression @Holidays
Scenario: Verify Holidays tab                   # src/test/resources/features/search.feature:14
21:56:50 INFO  Hooks - Starting Scenario: Verify Holidays tab
21:56:50 INFO  DriverInitializer - Starting Android Driver initialization for device: AndroidDevice
21:56:50 INFO  DriverInitializer - Detected Appium endpoint at root path: http://127.0.0.1:4723
21:56:53 INFO  DriverManager - Driver stored in ThreadLocal.
21:56:53 INFO  DriverInitializer - Android Driver initialized successfully | Platform: Android | Device: AndroidDevice | UDID: 
21:56:53 INFO  BasePage - Entering text into element: By.xpath: //*[@resource-id='username_input_field' or @resource-id='com.tui.qa.challenge:id/username_input_field']
21:56:55 INFO  BasePage - Entering text into element: By.xpath: //*[@resource-id='password_input_field' or @resource-id='com.tui.qa.challenge:id/password_input_field']
21:56:55 INFO  BasePage - Clicking on element: By.xpath: //*[@resource-id='date_of_birth_field' or @resource-id='com.tui.qa.challenge:id/date_of_birth_field']
21:56:56 INFO  BasePage - Clicking on element: By.xpath: //*[@resource-id='date_of_birth_field_calendar_icon' or @resource-id='com.tui.qa.challenge:id/date_of_birth_field_calendar_icon']
21:56:58 INFO  BasePage - Clicking on element: AppiumBy.accessibilityId: Change to next month
21:56:59 INFO  BasePage - Clicking on element: AppiumBy.accessibilityId: Change to next month
21:56:59 INFO  BasePage - Clicking on element: AppiumBy.accessibilityId: Change to next month
21:57:01 INFO  BasePage - Clicking on element: By.xpath: //*[@resource-id='date_of_birth_dialog_confirm_button' or @resource-id='com.tui.qa.challenge:id/date_of_birth_dialog_confirm_button']
21:57:02 INFO  BasePage - Clicking on element: By.xpath: //*[@resource-id='login_form_submit_button' or @resource-id='com.tui.qa.challenge:id/login_form_submit_button']
  Given the user is logged into the application # com.tui.qa.stepdefinitions.LoginSteps.theUserIsLoggedIntoTheApplication()
21:57:03 INFO  BasePage - Clicking on element: By.xpath: //*[@resource-id='top_app_bar_holidays_tab' or @resource-id='com.tui.qa.challenge:id/top_app_bar_holidays_tab']
  When the user taps on the Holidays tab        # com.tui.qa.stepdefinitions.SearchResultsSteps.theUserTapsOnTheHolidaysTab()
  Then holiday results should be displayed      # com.tui.qa.stepdefinitions.SearchResultsSteps.holidayResultsShouldBeDisplayed()
21:57:15 INFO  Hooks - Scenario Passed: Verify Holidays tab
21:57:15 INFO  DriverManager - Closing Android Driver.
21:57:16 INFO  DriverManager - Driver removed from ThreadLocal.
21:57:16 INFO  Hooks - Driver closed successfully.
]]></system-out>
  </testcase>
  <testcase name="runScenario[&quot;Verify All tab&quot;, &quot;Search Results&quot;](4)" classname="com.tui.qa.runner.TestRunner" time="26.279">
    <system-out><![CDATA[
@search @Regression @All
Scenario: Verify All tab                                  # src/test/resources/features/search.feature:20
21:57:16 INFO  Hooks - Starting Scenario: Verify All tab
21:57:16 INFO  DriverInitializer - Starting Android Driver initialization for device: AndroidDevice
21:57:16 INFO  DriverInitializer - Detected Appium endpoint at root path: http://127.0.0.1:4723
21:57:19 INFO  DriverManager - Driver stored in ThreadLocal.
21:57:19 INFO  DriverInitializer - Android Driver initialized successfully | Platform: Android | Device: AndroidDevice | UDID: 
21:57:19 INFO  BasePage - Entering text into element: By.xpath: //*[@resource-id='username_input_field' or @resource-id='com.tui.qa.challenge:id/username_input_field']
21:57:21 INFO  BasePage - Entering text into element: By.xpath: //*[@resource-id='password_input_field' or @resource-id='com.tui.qa.challenge:id/password_input_field']
21:57:21 INFO  BasePage - Clicking on element: By.xpath: //*[@resource-id='date_of_birth_field' or @resource-id='com.tui.qa.challenge:id/date_of_birth_field']
21:57:22 INFO  BasePage - Clicking on element: By.xpath: //*[@resource-id='date_of_birth_field_calendar_icon' or @resource-id='com.tui.qa.challenge:id/date_of_birth_field_calendar_icon']
21:57:24 INFO  BasePage - Clicking on element: AppiumBy.accessibilityId: Change to next month
21:57:25 INFO  BasePage - Clicking on element: AppiumBy.accessibilityId: Change to next month
21:57:26 INFO  BasePage - Clicking on element: AppiumBy.accessibilityId: Change to next month
21:57:27 INFO  BasePage - Clicking on element: By.xpath: //*[@resource-id='date_of_birth_dialog_confirm_button' or @resource-id='com.tui.qa.challenge:id/date_of_birth_dialog_confirm_button']
21:57:28 INFO  BasePage - Clicking on element: By.xpath: //*[@resource-id='login_form_submit_button' or @resource-id='com.tui.qa.challenge:id/login_form_submit_button']
  Given the user is logged into the application           # com.tui.qa.stepdefinitions.LoginSteps.theUserIsLoggedIntoTheApplication()
21:57:29 INFO  BasePage - Clicking on element: By.xpath: //*[@resource-id='top_app_bar_all_tab' or @resource-id='com.tui.qa.challenge:id/top_app_bar_all_tab']
  When the user taps on the All tab                       # com.tui.qa.stepdefinitions.SearchResultsSteps.theUserTapsOnTheAllTab()
  Then both hotel and holiday results should be displayed # com.tui.qa.stepdefinitions.SearchResultsSteps.bothHotelAndHolidayResultsShouldBeDisplayed()
21:57:42 INFO  Hooks - Scenario Passed: Verify All tab
21:57:42 INFO  DriverManager - Closing Android Driver.
21:57:42 INFO  DriverManager - Driver removed from ThreadLocal.
21:57:42 INFO  Hooks - Driver closed successfully.
]]></system-out>
  </testcase>
  <testcase name="runScenario[&quot;Verify hotel lazy loading&quot;, &quot;Search Results&quot;](5)" classname="com.tui.qa.runner.TestRunner" time="16.748">
    <system-out><![CDATA[
@search @Regression @LazyLoading
Scenario: Verify hotel lazy loading             # src/test/resources/features/search.feature:26
21:57:42 INFO  Hooks - Starting Scenario: Verify hotel lazy loading
21:57:42 INFO  DriverInitializer - Starting Android Driver initialization for device: AndroidDevice
21:57:42 INFO  DriverInitializer - Detected Appium endpoint at root path: http://127.0.0.1:4723
21:57:46 INFO  DriverManager - Driver stored in ThreadLocal.
21:57:46 INFO  DriverInitializer - Android Driver initialized successfully | Platform: Android | Device: AndroidDevice | UDID: 
21:57:46 INFO  BasePage - Entering text into element: By.xpath: //*[@resource-id='username_input_field' or @resource-id='com.tui.qa.challenge:id/username_input_field']
21:57:47 INFO  BasePage - Entering text into element: By.xpath: //*[@resource-id='password_input_field' or @resource-id='com.tui.qa.challenge:id/password_input_field']
21:57:48 INFO  BasePage - Clicking on element: By.xpath: //*[@resource-id='date_of_birth_field' or @resource-id='com.tui.qa.challenge:id/date_of_birth_field']
21:57:48 INFO  BasePage - Clicking on element: By.xpath: //*[@resource-id='date_of_birth_field_calendar_icon' or @resource-id='com.tui.qa.challenge:id/date_of_birth_field_calendar_icon']
21:57:50 INFO  BasePage - Clicking on element: AppiumBy.accessibilityId: Change to next month
21:57:51 INFO  BasePage - Clicking on element: AppiumBy.accessibilityId: Change to next month
21:57:52 INFO  BasePage - Clicking on element: AppiumBy.accessibilityId: Change to next month
21:57:53 INFO  BasePage - Clicking on element: By.xpath: //*[@resource-id='date_of_birth_dialog_confirm_button' or @resource-id='com.tui.qa.challenge:id/date_of_birth_dialog_confirm_button']
21:57:54 INFO  BasePage - Clicking on element: By.xpath: //*[@resource-id='login_form_submit_button' or @resource-id='com.tui.qa.challenge:id/login_form_submit_button']
  Given the user is logged into the application # com.tui.qa.stepdefinitions.LoginSteps.theUserIsLoggedIntoTheApplication()
21:57:55 INFO  BasePage - Clicking on element: By.xpath: //*[@resource-id='top_app_bar_hotels_tab' or @resource-id='com.tui.qa.challenge:id/top_app_bar_hotels_tab']
  When the user taps on the Hotels tab          # com.tui.qa.stepdefinitions.SearchResultsSteps.theUserTapsOnTheHotelsTab()
  And the user scrolls down the hotel list      # com.tui.qa.stepdefinitions.SearchResultsSteps.theUserScrollsDownTheHotelList()
  Then a new hotel card should be displayed     # com.tui.qa.stepdefinitions.SearchResultsSteps.aNewHotelCardShouldBeDisplayed()
  And the hotel name should be displayed        # com.tui.qa.stepdefinitions.SearchResultsSteps.theHotelNameShouldBeDisplayed()
  And the hotel price should be displayed       # com.tui.qa.stepdefinitions.SearchResultsSteps.theHotelPriceShouldBeDisplayed()
  And the hotel price should be in valid format # com.tui.qa.stepdefinitions.SearchResultsSteps.theHotelPriceShouldBeInValidFormat()
21:57:59 INFO  Hooks - Scenario Passed: Verify hotel lazy loading
21:57:59 INFO  DriverManager - Closing Android Driver.
21:57:59 INFO  DriverManager - Driver removed from ThreadLocal.
21:57:59 INFO  Hooks - Driver closed successfully.
]]></system-out>
  </testcase>
</testsuite>