<?xml version="1.0" encoding="UTF-8"?>
<!-- Generated by org.testng.reporters.JUnitReportReporter -->
<testsuite hostname="KSECNB015319" failures="0" tests="5" name="com.tui.qa.runner.TestRunner" time="96.258" errors="0" timestamp="2026-07-01T21:27:57 IST" skipped="0">
  <testcase classname="com.tui.qa.runner.TestRunner" name="runScenario" time="26.167"/>
  <testcase classname="com.tui.qa.runner.TestRunner" name="runScenario" time="15.063"/>
  <testcase classname="com.tui.qa.runner.TestRunner" name="runScenario" time="26.805"/>
  <testcase classname="com.tui.qa.runner.TestRunner" name="runScenario" time="14.526"/>
  <testcase classname="com.tui.qa.runner.TestRunner" name="runScenario" time="13.697"/>
</testsuite> <!-- com.tui.qa.runner.TestRunner -->
