<?xml version="1.0" encoding="UTF-8"?>
<!-- Generated by org.testng.reporters.JUnitReportReporter -->
<testsuite hostname="KSECNB015319" failures="0" tests="5" name="com.tui.qa.runner.TestRunner" time="98.189" errors="0" timestamp="2026-07-01T21:57:59 IST" skipped="0">
  <testcase classname="com.tui.qa.runner.TestRunner" name="runScenario" time="16.750"/>
  <testcase classname="com.tui.qa.runner.TestRunner" name="runScenario" time="26.122"/>
  <testcase classname="com.tui.qa.runner.TestRunner" name="runScenario" time="14.631"/>
  <testcase classname="com.tui.qa.runner.TestRunner" name="runScenario" time="26.277"/>
  <testcase classname="com.tui.qa.runner.TestRunner" name="runScenario" time="14.409"/>
</testsuite> <!-- com.tui.qa.runner.TestRunner -->
