<?xml version="1.0" encoding="UTF-8"?>
<!-- Generated by org.testng.reporters.JUnitReportReporter -->
<testsuite hostname="KSECNB015319" failures="1" tests="5" name="com.tui.qa.runner.TestRunner" time="228.424" errors="0" timestamp="2026-07-02T21:20:30 IST" skipped="0">
  <testcase classname="com.tui.qa.runner.TestRunner" name="runScenario" time="39.436"/>
  <testcase classname="com.tui.qa.runner.TestRunner" name="runScenario" time="39.082"/>
  <testcase classname="com.tui.qa.runner.TestRunner" name="runScenario" time="50.333"/>
  <testcase classname="com.tui.qa.runner.TestRunner" name="runScenario" time="60.728">
    <failure message="Login page should remain visible for invalid credentials. expected [true] but found [false]" type="java.lang.AssertionError">
      <![CDATA[java.lang.AssertionError: Login page should remain visible for invalid credentials. expected [true] but found [false]
at org.testng.Assert.fail(Assert.java:111)
at org.testng.Assert.failNotEquals(Assert.java:1578)
at org.testng.Assert.assertTrue(Assert.java:57)
at com.tui.qa.stepdefinitions.LoginSteps.theLoginOutcomeShouldBe(LoginSteps.java:78)
at ✽.the login outcome should be "FAILURE"(file:///Users/KS26642/IdeaProjects/TUI-Mobile-Automation/src/test/resources/features/login.feature:13)
]]>
    </failure>
  </testcase> <!-- runScenario -->
  <testcase classname="com.tui.qa.runner.TestRunner" name="runScenario" time="38.845"/>
</testsuite> <!-- com.tui.qa.runner.TestRunner -->
