<?xml version="1.0" encoding="UTF-8"?>
<testsuite xmlns:xsi="http://www.w3.org/2001/XMLSchema-instance" xsi:noNamespaceSchemaLocation="https://maven.apache.org/surefire/maven-surefire-plugin/xsd/surefire-test-report.xsd" version="3.0.2" name="TestSuite" time="229.169" tests="5" errors="0" skipped="0" failures="1">
  <properties>
[...]
</properties>
  <testcase name="runScenario[&quot;Login outcome by externalized credentials&quot;, &quot;Login&quot;](1)" classname="com.tui.qa.runner.TestRunner" time="38.851">
    <system-out><![CDATA[
@login @Smoke @Login
Scenario Outline: Login outcome by externalized credentials # src/test/resources/features/login.feature:17
21:16:41 INFO  Hooks - Starting Scenario: Login outcome by externalized credentials
21:16:41 INFO  FrameworkConstants - Loading framework configuration.
21:16:41 INFO  ConfigReader - Configuration loaded successfully.
21:16:41 INFO  DriverInitializer - Starting Android Driver initialization for device: AndroidDevice
21:16:41 INFO  DriverInitializer - Detected Appium 1.x endpoint. Using base path /wd/hub: http://127.0.0.1:4723/wd/hub
21:16:49 INFO  DriverManager - Driver stored in ThreadLocal.
21:16:49 INFO  DriverInitializer - Android Driver initialized successfully | Platform: Android | Device: AndroidDevice | UDID: 
  Given the user launches the application                   # com.tui.qa.stepdefinitions.LoginSteps.theUserLaunchesTheApplication()
21:16:51 INFO  BasePage - Entering text into element: By.xpath: //*[@resource-id='username_input_field' or @resource-id='com.tui.qa.challenge:id/username_input_field']
21:16:51 INFO  BasePage - Entering text into element: By.xpath: //*[@resource-id='password_input_field' or @resource-id='com.tui.qa.challenge:id/password_input_field']
21:17:18 INFO  BasePage - Clicking on element: By.xpath: //*[@resource-id='login_form_submit_button' or @resource-id='com.tui.qa.challenge:id/login_form_submit_button']
  When the user logs in with data set "validUser"           # com.tui.qa.stepdefinitions.LoginSteps.theUserLogsInWithDataSet(java.lang.String)
  Then the login outcome should be "SUCCESS"                # com.tui.qa.stepdefinitions.LoginSteps.theLoginOutcomeShouldBe(java.lang.String)
21:17:19 INFO  Hooks - Scenario Passed: Login outcome by externalized credentials
21:17:19 INFO  DriverManager - Closing Appium driver.
21:17:20 INFO  DriverManager - Driver removed from ThreadLocal.
21:17:20 INFO  Hooks - Driver closed successfully.
]]></system-out>
    <system-err><![CDATA[SLF4J: No SLF4J providers were found.
SLF4J: Defaulting to no-operation (NOP) logger implementation
SLF4J: See https://www.slf4j.org/codes.html#noProviders for further details.
]]></system-err>
  </testcase>
  <testcase name="runScenario[&quot;Login outcome by externalized credentials&quot;, &quot;Login&quot;](2)" classname="com.tui.qa.runner.TestRunner" time="60.725">
    <failure message="Login page should remain visible for invalid credentials. expected [true] but found [false]" type="java.lang.AssertionError"><![CDATA[java.lang.AssertionError: Login page should remain visible for invalid credentials. expected [true] but found [false]
	at org.testng.Assert.fail(Assert.java:111)
	at org.testng.Assert.failNotEquals(Assert.java:1578)
	at org.testng.Assert.assertTrue(Assert.java:57)
	at com.tui.qa.stepdefinitions.LoginSteps.theLoginOutcomeShouldBe(LoginSteps.java:78)
	at ✽.the login outcome should be "FAILURE"(file:///Users/KS26642/IdeaProjects/TUI-Mobile-Automation/src/test/resources/features/login.feature:13)
]]></failure>
    <system-out><![CDATA[
@login @Smoke @Login
Scenario Outline: Login outcome by externalized credentials # src/test/resources/features/login.feature:18
21:17:20 INFO  Hooks - Starting Scenario: Login outcome by externalized credentials
21:17:20 INFO  DriverInitializer - Starting Android Driver initialization for device: AndroidDevice
21:17:20 INFO  DriverInitializer - Detected Appium 1.x endpoint. Using base path /wd/hub: http://127.0.0.1:4723/wd/hub
21:17:28 INFO  DriverManager - Driver stored in ThreadLocal.
21:17:28 INFO  DriverInitializer - Android Driver initialized successfully | Platform: Android | Device: AndroidDevice | UDID: 
  Given the user launches the application                   # com.tui.qa.stepdefinitions.LoginSteps.theUserLaunchesTheApplication()
21:17:30 INFO  BasePage - Entering text into element: By.xpath: //*[@resource-id='username_input_field' or @resource-id='com.tui.qa.challenge:id/username_input_field']
21:17:30 INFO  BasePage - Entering text into element: By.xpath: //*[@resource-id='password_input_field' or @resource-id='com.tui.qa.challenge:id/password_input_field']
21:17:57 INFO  BasePage - Clicking on element: By.xpath: //*[@resource-id='login_form_submit_button' or @resource-id='com.tui.qa.challenge:id/login_form_submit_button']
  When the user logs in with data set "invalidUser"         # com.tui.qa.stepdefinitions.LoginSteps.theUserLogsInWithDataSet(java.lang.String)
  Then the login outcome should be "FAILURE"                # com.tui.qa.stepdefinitions.LoginSteps.theLoginOutcomeShouldBe(java.lang.String)
      java.lang.AssertionError: Login page should remain visible for invalid credentials. expected [true] but found [false]
	at org.testng.Assert.fail(Assert.java:111)
	at org.testng.Assert.failNotEquals(Assert.java:1578)
	at org.testng.Assert.assertTrue(Assert.java:57)
	at com.tui.qa.stepdefinitions.LoginSteps.theLoginOutcomeShouldBe(LoginSteps.java:78)
	at ✽.the login outcome should be "FAILURE"(file:///Users/KS26642/IdeaProjects/TUI-Mobile-Automation/src/test/resources/features/login.feature:13)

21:18:19 ERROR Hooks - Scenario Failed: Login outcome by externalized credentials

    Embedding Login outcome by externalized credentials [image/png 71293 bytes]

21:18:20 INFO  DriverManager - Closing Appium driver.
21:18:21 INFO  DriverManager - Driver removed from ThreadLocal.
21:18:21 INFO  Hooks - Driver closed successfully.
]]></system-out>
  </testcase>
  <testcase name="runScenario[&quot;Verify Hotels tab&quot;, &quot;Search Results&quot;](3)" classname="com.tui.qa.runner.TestRunner" time="39.077">
    <system-out><![CDATA[
@search @Regression @Hotels
Scenario: Verify Hotels tab                     # src/test/resources/features/search.feature:8
21:18:21 INFO  Hooks - Starting Scenario: Verify Hotels tab
21:18:21 INFO  DriverInitializer - Starting Android Driver initialization for device: AndroidDevice
21:18:21 INFO  DriverInitializer - Detected Appium 1.x endpoint. Using base path /wd/hub: http://127.0.0.1:4723/wd/hub
21:18:29 INFO  DriverManager - Driver stored in ThreadLocal.
21:18:29 INFO  DriverInitializer - Android Driver initialized successfully | Platform: Android | Device: AndroidDevice | UDID: 
21:18:29 INFO  BasePage - Entering text into element: By.xpath: //*[@resource-id='username_input_field' or @resource-id='com.tui.qa.challenge:id/username_input_field']
21:18:30 INFO  BasePage - Entering text into element: By.xpath: //*[@resource-id='password_input_field' or @resource-id='com.tui.qa.challenge:id/password_input_field']
21:18:57 INFO  BasePage - Clicking on element: By.xpath: //*[@resource-id='login_form_submit_button' or @resource-id='com.tui.qa.challenge:id/login_form_submit_button']
  Given the user is logged into the application # com.tui.qa.stepdefinitions.LoginSteps.theUserIsLoggedIntoTheApplication()
21:18:58 INFO  BasePage - Clicking on element: By.xpath: //*[@resource-id='top_app_bar_hotels_tab' or @resource-id='com.tui.qa.challenge:id/top_app_bar_hotels_tab']
  When the user taps on the Hotels tab          # com.tui.qa.stepdefinitions.SearchResultsSteps.theUserTapsOnTheHotelsTab()
  Then hotel results should be displayed        # com.tui.qa.stepdefinitions.SearchResultsSteps.hotelResultsShouldBeDisplayed()
21:18:59 INFO  Hooks - Scenario Passed: Verify Hotels tab
21:18:59 INFO  DriverManager - Closing Appium driver.
21:19:00 INFO  DriverManager - Driver removed from ThreadLocal.
21:19:00 INFO  Hooks - Driver closed successfully.
]]></system-out>
  </testcase>
  <testcase name="runScenario[&quot;Verify Holidays tab&quot;, &quot;Search Results&quot;](4)" classname="com.tui.qa.runner.TestRunner" time="50.332">
    <system-out><![CDATA[
@search @Regression @Holidays
Scenario: Verify Holidays tab                   # src/test/resources/features/search.feature:14
21:19:00 INFO  Hooks - Starting Scenario: Verify Holidays tab
21:19:00 INFO  DriverInitializer - Starting Android Driver initialization for device: AndroidDevice
21:19:00 INFO  DriverInitializer - Detected Appium 1.x endpoint. Using base path /wd/hub: http://127.0.0.1:4723/wd/hub
21:19:07 INFO  DriverManager - Driver stored in ThreadLocal.
21:19:07 INFO  DriverInitializer - Android Driver initialized successfully | Platform: Android | Device: AndroidDevice | UDID: 
21:19:07 INFO  BasePage - Entering text into element: By.xpath: //*[@resource-id='username_input_field' or @resource-id='com.tui.qa.challenge:id/username_input_field']
21:19:08 INFO  BasePage - Entering text into element: By.xpath: //*[@resource-id='password_input_field' or @resource-id='com.tui.qa.challenge:id/password_input_field']
21:19:36 INFO  BasePage - Clicking on element: By.xpath: //*[@resource-id='login_form_submit_button' or @resource-id='com.tui.qa.challenge:id/login_form_submit_button']
  Given the user is logged into the application # com.tui.qa.stepdefinitions.LoginSteps.theUserIsLoggedIntoTheApplication()
21:19:37 INFO  BasePage - Clicking on element: By.xpath: //*[@resource-id='top_app_bar_holidays_tab' or @resource-id='com.tui.qa.challenge:id/top_app_bar_holidays_tab']
  When the user taps on the Holidays tab        # com.tui.qa.stepdefinitions.SearchResultsSteps.theUserTapsOnTheHolidaysTab()
  Then holiday results should be displayed      # com.tui.qa.stepdefinitions.SearchResultsSteps.holidayResultsShouldBeDisplayed()
21:19:49 INFO  Hooks - Scenario Passed: Verify Holidays tab
21:19:49 INFO  DriverManager - Closing Appium driver.
21:19:50 INFO  DriverManager - Driver removed from ThreadLocal.
21:19:50 INFO  Hooks - Driver closed successfully.
]]></system-out>
  </testcase>
  <testcase name="runScenario[&quot;Verify hotel lazy loading&quot;, &quot;Search Results&quot;](5)" classname="com.tui.qa.runner.TestRunner" time="39.437">
    <system-out><![CDATA[
@search @Regression @LazyLoading
Scenario: Verify hotel lazy loading             # src/test/resources/features/search.feature:20
21:19:50 INFO  Hooks - Starting Scenario: Verify hotel lazy loading
21:19:50 INFO  DriverInitializer - Starting Android Driver initialization for device: AndroidDevice
21:19:50 INFO  DriverInitializer - Detected Appium 1.x endpoint. Using base path /wd/hub: http://127.0.0.1:4723/wd/hub
21:19:56 INFO  DriverManager - Driver stored in ThreadLocal.
21:19:56 INFO  DriverInitializer - Android Driver initialized successfully | Platform: Android | Device: AndroidDevice | UDID: 
21:19:57 INFO  BasePage - Entering text into element: By.xpath: //*[@resource-id='username_input_field' or @resource-id='com.tui.qa.challenge:id/username_input_field']
21:19:58 INFO  BasePage - Entering text into element: By.xpath: //*[@resource-id='password_input_field' or @resource-id='com.tui.qa.challenge:id/password_input_field']
21:20:24 INFO  BasePage - Clicking on element: By.xpath: //*[@resource-id='login_form_submit_button' or @resource-id='com.tui.qa.challenge:id/login_form_submit_button']
  Given the user is logged into the application # com.tui.qa.stepdefinitions.LoginSteps.theUserIsLoggedIntoTheApplication()
21:20:25 INFO  BasePage - Clicking on element: By.xpath: //*[@resource-id='top_app_bar_hotels_tab' or @resource-id='com.tui.qa.challenge:id/top_app_bar_hotels_tab']
  When the user taps on the Hotels tab          # com.tui.qa.stepdefinitions.SearchResultsSteps.theUserTapsOnTheHotelsTab()
  And the user scrolls down the hotel list      # com.tui.qa.stepdefinitions.SearchResultsSteps.theUserScrollsDownTheHotelList()
  Then a new hotel card should be displayed     # com.tui.qa.stepdefinitions.SearchResultsSteps.aNewHotelCardShouldBeDisplayed()
  And the hotel name should be displayed        # com.tui.qa.stepdefinitions.SearchResultsSteps.theHotelNameShouldBeDisplayed()
  And the hotel price should be displayed       # com.tui.qa.stepdefinitions.SearchResultsSteps.theHotelPriceShouldBeDisplayed()
  And the hotel price should be in valid format # com.tui.qa.stepdefinitions.SearchResultsSteps.theHotelPriceShouldBeInValidFormat()
21:20:29 INFO  Hooks - Scenario Passed: Verify hotel lazy loading
21:20:29 INFO  DriverManager - Closing Appium driver.
21:20:30 INFO  DriverManager - Driver removed from ThreadLocal.
21:20:30 INFO  Hooks - Driver closed successfully.
]]></system-out>
  </testcase>
</testsuite>